  Player.cpp
C:\Dev\Microsoft Visual Studio\workspace\ProjektGK3D\Player.cpp(23,44): warning C4305: 'initializing': truncation from 'double' to 'GLfloat'
C:\Dev\Microsoft Visual Studio\workspace\ProjektGK3D\Player.cpp(30,50): warning C4305: 'argument': truncation from 'double' to 'GLfloat'
C:\Dev\Microsoft Visual Studio\workspace\ProjektGK3D\Player.cpp(32,49): warning C4305: 'argument': truncation from 'double' to 'GLfloat'
C:\Dev\Microsoft Visual Studio\workspace\ProjektGK3D\Player.cpp(57,20): warning C4305: '+=': truncation from 'double' to 'float'
C:\Dev\Microsoft Visual Studio\workspace\ProjektGK3D\Player.cpp(83,20): warning C4305: '-=': truncation from 'double' to 'float'
C:\Dev\Microsoft Visual Studio\workspace\ProjektGK3D\Player.cpp(153,14): warning C4244: '=': conversion from 'int' to 'float', possible loss of data
C:\Dev\Microsoft Visual Studio\workspace\ProjektGK3D\Player.cpp(218,19): warning C4305: 'initializing': truncation from 'double' to 'float'
C:\Dev\Microsoft Visual Studio\workspace\ProjektGK3D\Player.cpp(232,31): warning C4838: conversion from 'double' to 'GLfloat' requires a narrowing conversion
C:\Dev\Microsoft Visual Studio\workspace\ProjektGK3D\Player.cpp(232,31): warning C4244: 'initializing': conversion from 'double' to 'GLfloat', possible loss of data
C:\Dev\Microsoft Visual Studio\workspace\ProjektGK3D\Player.cpp(243,28): warning C4305: 'argument': truncation from 'double' to 'GLfloat'
C:\Dev\Microsoft Visual Studio\workspace\ProjektGK3D\Player.cpp(244,27): warning C4305: 'argument': truncation from 'double' to 'GLfloat'
C:\Dev\Microsoft Visual Studio\workspace\ProjektGK3D\Player.cpp(245,28): warning C4305: 'argument': truncation from 'double' to 'GLfloat'
C:\Dev\Microsoft Visual Studio\workspace\ProjektGK3D\Player.cpp(246,27): warning C4305: 'argument': truncation from 'double' to 'GLfloat'
C:\Dev\Microsoft Visual Studio\workspace\ProjektGK3D\Player.cpp(251,18): warning C4244: '=': conversion from 'int' to 'float', possible loss of data
C:\Dev\Microsoft Visual Studio\workspace\ProjektGK3D\Player.cpp(252,15): warning C4244: '=': conversion from 'int' to 'float', possible loss of data
C:\Dev\Microsoft Visual Studio\workspace\ProjektGK3D\Player.cpp(253,18): warning C4244: '=': conversion from 'int' to 'float', possible loss of data
  Generating code
  1 of 284 functions ( 0.4%) were compiled, the rest were copied from previous compilation.
    0 functions were new in current compilation
    1 functions had inline decision re-evaluated but remain unchanged
  Finished generating code
  Engine3D.vcxproj -> C:\Dev\Microsoft Visual Studio\workspace\ProjektGK3D\x64\Release\Engine3D.exe
