  Engine.cpp
C:\Dev\Microsoft Visual Studio\workspace\Engine3D\Engine.cpp(227,44): warning C4305: 'initializing': truncation from 'double' to 'GLfloat'
C:\Dev\Microsoft Visual Studio\workspace\Engine3D\Engine.cpp(235,50): warning C4305: 'argument': truncation from 'double' to 'GLfloat'
C:\Dev\Microsoft Visual Studio\workspace\Engine3D\Engine.cpp(237,49): warning C4305: 'argument': truncation from 'double' to 'GLfloat'
C:\Dev\Microsoft Visual Studio\workspace\Engine3D\Engine.cpp(253,50): warning C4305: 'argument': truncation from 'double' to 'GLfloat'
C:\Dev\Microsoft Visual Studio\workspace\Engine3D\Engine.cpp(278,28): warning C4305: 'argument': truncation from 'double' to 'GLfloat'
C:\Dev\Microsoft Visual Studio\workspace\Engine3D\Engine.cpp(279,27): warning C4305: 'argument': truncation from 'double' to 'GLfloat'
C:\Dev\Microsoft Visual Studio\workspace\Engine3D\Engine.cpp(280,28): warning C4305: 'argument': truncation from 'double' to 'GLfloat'
C:\Dev\Microsoft Visual Studio\workspace\Engine3D\Engine.cpp(281,27): warning C4305: 'argument': truncation from 'double' to 'GLfloat'
C:\Dev\Microsoft Visual Studio\workspace\Engine3D\Engine.cpp(296,19): warning C4305: '=': truncation from 'double' to 'GLfloat'
C:\Dev\Microsoft Visual Studio\workspace\Engine3D\Engine.cpp(300,19): warning C4305: '=': truncation from 'double' to 'GLfloat'
C:\Dev\Microsoft Visual Studio\workspace\Engine3D\Engine.cpp(427,59): warning C4244: 'argument': conversion from 'double' to 'GLfloat', possible loss of data
C:\Dev\Microsoft Visual Studio\workspace\Engine3D\Engine.cpp(427,42): warning C4244: 'argument': conversion from 'double' to 'GLfloat', possible loss of data
C:\Dev\Microsoft Visual Studio\workspace\Engine3D\Engine.cpp(427,25): warning C4244: 'argument': conversion from 'double' to 'GLfloat', possible loss of data
C:\Dev\Microsoft Visual Studio\workspace\Engine3D\Engine.cpp(429,62): warning C4244: 'argument': conversion from 'double' to 'GLfloat', possible loss of data
C:\Dev\Microsoft Visual Studio\workspace\Engine3D\Engine.cpp(429,44): warning C4244: 'argument': conversion from 'double' to 'GLfloat', possible loss of data
C:\Dev\Microsoft Visual Studio\workspace\Engine3D\Engine.cpp(429,26): warning C4244: 'argument': conversion from 'double' to 'GLfloat', possible loss of data
C:\Dev\Microsoft Visual Studio\workspace\Engine3D\Engine.cpp(451,31): warning C4838: conversion from 'double' to 'GLfloat' requires a narrowing conversion
C:\Dev\Microsoft Visual Studio\workspace\Engine3D\Engine.cpp(451,31): warning C4244: 'initializing': conversion from 'double' to 'GLfloat', possible loss of data
C:\Dev\Microsoft Visual Studio\workspace\Engine3D\Engine.cpp(461,39): warning C4838: conversion from 'int' to 'GLfloat' requires a narrowing conversion
C:\Dev\Microsoft Visual Studio\workspace\Engine3D\Engine.cpp(461,39): warning C4244: 'initializing': conversion from 'int' to 'GLfloat', possible loss of data
C:\Dev\Microsoft Visual Studio\workspace\Engine3D\Engine.cpp(461,53): warning C4838: conversion from 'int' to 'GLfloat' requires a narrowing conversion
C:\Dev\Microsoft Visual Studio\workspace\Engine3D\Engine.cpp(461,53): warning C4244: 'initializing': conversion from 'int' to 'GLfloat', possible loss of data
C:\Dev\Microsoft Visual Studio\workspace\Engine3D\Engine.cpp(467,43): warning C4244: 'argument': conversion from 'int' to 'GLfloat', possible loss of data
C:\Dev\Microsoft Visual Studio\workspace\Engine3D\Engine.cpp(467,29): warning C4244: 'argument': conversion from 'int' to 'GLfloat', possible loss of data
C:\Dev\Microsoft Visual Studio\workspace\Engine3D\Engine.cpp(507,27): warning C4244: 'argument': conversion from 'int' to 'GLfloat', possible loss of data
C:\Dev\Microsoft Visual Studio\workspace\Engine3D\Engine.cpp(507,23): warning C4244: 'argument': conversion from 'int' to 'GLfloat', possible loss of data
C:\Dev\Microsoft Visual Studio\workspace\Engine3D\Engine.cpp(507,19): warning C4244: 'argument': conversion from 'int' to 'GLfloat', possible loss of data
C:\Dev\Microsoft Visual Studio\workspace\Engine3D\Engine.cpp(607,39): warning C4244: 'argument': conversion from 'float' to 'int', possible loss of data
C:\Dev\Microsoft Visual Studio\workspace\Engine3D\Engine.cpp(607,28): warning C4244: 'argument': conversion from 'float' to 'int', possible loss of data
C:\Dev\Microsoft Visual Studio\workspace\Engine3D\Engine.cpp(607,17): warning C4244: 'argument': conversion from 'float' to 'int', possible loss of data
C:\Dev\Microsoft Visual Studio\workspace\Engine3D\Engine.cpp(632,39): warning C4244: 'argument': conversion from 'float' to 'int', possible loss of data
C:\Dev\Microsoft Visual Studio\workspace\Engine3D\Engine.cpp(632,28): warning C4244: 'argument': conversion from 'float' to 'int', possible loss of data
C:\Dev\Microsoft Visual Studio\workspace\Engine3D\Engine.cpp(632,17): warning C4244: 'argument': conversion from 'float' to 'int', possible loss of data
C:\Dev\Microsoft Visual Studio\workspace\Engine3D\Engine.cpp(635,40): warning C4244: 'argument': conversion from 'float' to 'int', possible loss of data
C:\Dev\Microsoft Visual Studio\workspace\Engine3D\Engine.cpp(635,29): warning C4244: 'argument': conversion from 'float' to 'int', possible loss of data
C:\Dev\Microsoft Visual Studio\workspace\Engine3D\Engine.cpp(635,18): warning C4244: 'argument': conversion from 'float' to 'int', possible loss of data
C:\Dev\Microsoft Visual Studio\workspace\Engine3D\Engine.cpp(669,16): warning C4305: '+=': truncation from 'double' to 'float'
C:\Dev\Microsoft Visual Studio\workspace\Engine3D\Engine.cpp(677,16): warning C4244: 'initializing': conversion from 'double' to 'float', possible loss of data
C:\Dev\Microsoft Visual Studio\workspace\Engine3D\Engine.cpp(682,32): warning C4838: conversion from 'double' to 'GLfloat' requires a narrowing conversion
C:\Dev\Microsoft Visual Studio\workspace\Engine3D\Engine.cpp(682,32): warning C4244: 'initializing': conversion from 'double' to 'GLfloat', possible loss of data
C:\Dev\Microsoft Visual Studio\workspace\Engine3D\Engine.cpp(682,45): warning C4838: conversion from 'double' to 'GLfloat' requires a narrowing conversion
C:\Dev\Microsoft Visual Studio\workspace\Engine3D\Engine.cpp(682,45): warning C4244: 'initializing': conversion from 'double' to 'GLfloat', possible loss of data
C:\Dev\Microsoft Visual Studio\workspace\Engine3D\Engine.cpp(682,59): warning C4838: conversion from 'double' to 'GLfloat' requires a narrowing conversion
C:\Dev\Microsoft Visual Studio\workspace\Engine3D\Engine.cpp(682,59): warning C4244: 'initializing': conversion from 'double' to 'GLfloat', possible loss of data
C:\Dev\Microsoft Visual Studio\workspace\Engine3D\Engine.cpp(685,24): warning C4244: '=': conversion from 'double' to 'GLfloat', possible loss of data
C:\Dev\Microsoft Visual Studio\workspace\Engine3D\Engine.cpp(686,24): warning C4244: '=': conversion from 'double' to 'GLfloat', possible loss of data
C:\Dev\Microsoft Visual Studio\workspace\Engine3D\Engine.cpp(697,16): warning C4244: 'initializing': conversion from 'double' to 'float', possible loss of data
C:\Dev\Microsoft Visual Studio\workspace\Engine3D\Engine.cpp(702,33): warning C4838: conversion from 'double' to 'GLfloat' requires a narrowing conversion
C:\Dev\Microsoft Visual Studio\workspace\Engine3D\Engine.cpp(702,33): warning C4244: 'initializing': conversion from 'double' to 'GLfloat', possible loss of data
C:\Dev\Microsoft Visual Studio\workspace\Engine3D\Engine.cpp(702,47): warning C4838: conversion from 'double' to 'GLfloat' requires a narrowing conversion
C:\Dev\Microsoft Visual Studio\workspace\Engine3D\Engine.cpp(702,47): warning C4244: 'initializing': conversion from 'double' to 'GLfloat', possible loss of data
C:\Dev\Microsoft Visual Studio\workspace\Engine3D\Engine.cpp(702,61): warning C4838: conversion from 'double' to 'GLfloat' requires a narrowing conversion
C:\Dev\Microsoft Visual Studio\workspace\Engine3D\Engine.cpp(702,61): warning C4244: 'initializing': conversion from 'double' to 'GLfloat', possible loss of data
C:\Dev\Microsoft Visual Studio\workspace\Engine3D\Engine.cpp(705,24): warning C4244: '=': conversion from 'double' to 'GLfloat', possible loss of data
C:\Dev\Microsoft Visual Studio\workspace\Engine3D\Engine.cpp(706,24): warning C4244: '=': conversion from 'double' to 'GLfloat', possible loss of data
C:\Dev\Microsoft Visual Studio\workspace\Engine3D\Engine.cpp(772,14): warning C4244: '=': conversion from 'int' to 'float', possible loss of data
C:\Dev\Microsoft Visual Studio\workspace\Engine3D\Engine.cpp(829,19): warning C4305: 'initializing': truncation from 'double' to 'float'
C:\Dev\Microsoft Visual Studio\workspace\Engine3D\Engine.cpp(842,19): warning C4244: 'initializing': conversion from 'double' to 'float', possible loss of data
C:\Dev\Microsoft Visual Studio\workspace\Engine3D\Engine.cpp(849,19): warning C4244: '+=': conversion from 'double' to 'float', possible loss of data
C:\Dev\Microsoft Visual Studio\workspace\Engine3D\Engine.cpp(850,19): warning C4244: '+=': conversion from 'double' to 'float', possible loss of data
C:\Dev\Microsoft Visual Studio\workspace\Engine3D\Engine.cpp(851,19): warning C4244: '+=': conversion from 'double' to 'float', possible loss of data
C:\Dev\Microsoft Visual Studio\workspace\Engine3D\Engine.cpp(852,14): warning C4244: '=': conversion from 'int' to 'float', possible loss of data
C:\Dev\Microsoft Visual Studio\workspace\Engine3D\Engine.cpp(853,14): warning C4244: '=': conversion from 'int' to 'float', possible loss of data
C:\Dev\Microsoft Visual Studio\workspace\Engine3D\Engine.cpp(854,14): warning C4244: '=': conversion from 'int' to 'float', possible loss of data
C:\Dev\Microsoft Visual Studio\workspace\Engine3D\Engine.cpp(857,24): warning C4244: 'argument': conversion from 'float' to 'int', possible loss of data
C:\Dev\Microsoft Visual Studio\workspace\Engine3D\Engine.cpp(857,20): warning C4244: 'argument': conversion from 'float' to 'int', possible loss of data
C:\Dev\Microsoft Visual Studio\workspace\Engine3D\Engine.cpp(857,16): warning C4244: 'argument': conversion from 'float' to 'int', possible loss of data
C:\Dev\Microsoft Visual Studio\workspace\Engine3D\Engine.cpp(876,20): warning C4244: '=': conversion from 'double' to 'float', possible loss of data
C:\Dev\Microsoft Visual Studio\workspace\Engine3D\Engine.cpp(877,20): warning C4244: '=': conversion from 'double' to 'float', possible loss of data
C:\Dev\Microsoft Visual Studio\workspace\Engine3D\Engine.cpp(878,20): warning C4244: '=': conversion from 'double' to 'float', possible loss of data
  Engine3D.vcxproj -> C:\Dev\Microsoft Visual Studio\workspace\Engine3D\Debug\Engine3D.exe
