  main.cpp
C:\Dev\Microsoft Visual Studio\workspace\ProjektGK3D\Textures.h(22,17): warning C4244: 'initializing': conversion from 'time_t' to 'int', possible loss of data
C:\Dev\Microsoft Visual Studio\workspace\ProjektGK3D\Player.h(119,10): warning C4244: 'return': conversion from 'float' to 'int', possible loss of data
C:\Dev\Microsoft Visual Studio\workspace\ProjektGK3D\Colors.h(4,49): warning C4305: 'initializing': truncation from 'double' to 'const float'
C:\Dev\Microsoft Visual Studio\workspace\ProjektGK3D\Colors.h(5,48): warning C4305: 'initializing': truncation from 'double' to 'const float'
C:\Dev\Microsoft Visual Studio\workspace\ProjektGK3D\Colors.h(7,47): warning C4305: 'initializing': truncation from 'double' to 'const float'
C:\Dev\Microsoft Visual Studio\workspace\ProjektGK3D\Colors.h(8,49): warning C4305: 'initializing': truncation from 'double' to 'const float'
C:\Dev\Microsoft Visual Studio\workspace\ProjektGK3D\Colors.h(10,50): warning C4305: 'initializing': truncation from 'double' to 'const float'
C:\Dev\Microsoft Visual Studio\workspace\ProjektGK3D\Colors.h(11,50): warning C4305: 'initializing': truncation from 'double' to 'const float'
C:\Dev\Microsoft Visual Studio\workspace\ProjektGK3D\Colors.h(13,48): warning C4305: 'initializing': truncation from 'double' to 'const float'
C:\Dev\Microsoft Visual Studio\workspace\ProjektGK3D\Colors.h(14,48): warning C4305: 'initializing': truncation from 'double' to 'const float'
C:\Dev\Microsoft Visual Studio\workspace\ProjektGK3D\Colors.h(16,50): warning C4305: 'initializing': truncation from 'double' to 'const float'
C:\Dev\Microsoft Visual Studio\workspace\ProjektGK3D\Colors.h(17,52): warning C4305: 'initializing': truncation from 'double' to 'const float'
C:\Dev\Microsoft Visual Studio\workspace\ProjektGK3D\Colors.h(19,49): warning C4305: 'initializing': truncation from 'double' to 'const float'
C:\Dev\Microsoft Visual Studio\workspace\ProjektGK3D\Colors.h(20,46): warning C4305: 'initializing': truncation from 'double' to 'const float'
C:\Dev\Microsoft Visual Studio\workspace\ProjektGK3D\Colors.h(22,46): warning C4305: 'initializing': truncation from 'double' to 'const float'
C:\Dev\Microsoft Visual Studio\workspace\ProjektGK3D\Colors.h(23,47): warning C4305: 'initializing': truncation from 'double' to 'const float'
C:\Dev\Microsoft Visual Studio\workspace\ProjektGK3D\Colors.h(25,48): warning C4305: 'initializing': truncation from 'double' to 'const float'
C:\Dev\Microsoft Visual Studio\workspace\ProjektGK3D\Colors.h(26,51): warning C4305: 'initializing': truncation from 'double' to 'const float'
C:\Dev\Microsoft Visual Studio\workspace\ProjektGK3D\Colors.h(28,46): warning C4305: 'initializing': truncation from 'double' to 'const float'
C:\Dev\Microsoft Visual Studio\workspace\ProjektGK3D\Colors.h(29,46): warning C4305: 'initializing': truncation from 'double' to 'const float'
C:\Dev\Microsoft Visual Studio\workspace\ProjektGK3D\Colors.h(31,48): warning C4305: 'initializing': truncation from 'double' to 'const float'
C:\Dev\Microsoft Visual Studio\workspace\ProjektGK3D\Colors.h(32,48): warning C4305: 'initializing': truncation from 'double' to 'const float'
  Generating code
  Previous IPDB and IOBJ mismatch, fall back to full compilation.
  All 299 functions were compiled because no usable IPDB/IOBJ from previous compilation was found.
  Finished generating code
  Engine3D.vcxproj -> C:\Dev\Microsoft Visual Studio\workspace\ProjektGK3D\Release\Engine3D.exe
